screensaver:ANIME-PICTURES.NET_-_575345-1920x1080-sayonara+no+asa+ni+yakusoku+no+hana+wo+kazarou-maquia+%28sayoasa%29-erial+%28sayoasa%29-long+hair-short+hair-highres.png 2019年 09月 10日 星期二 22:05:01 CST
screensaver:ANIME-PICTURES.NET_-_601517-1920x1080-original-aenami-highres-wide+image-sky-cloud+%28clouds%29.jpg 2019年 09月 10日 星期二 22:06:01 CST
screensaver:ANIME-PICTURES.NET_-_611704-1920x1080-original-aenami-highres-wide+image-sky-cloud+%28clouds%29.jpg 2019年 09月 10日 星期二 22:07:01 CST
screensaver:ANIME-PICTURES.NET_-_575345-1920x1080-sayonara+no+asa+ni+yakusoku+no+hana+wo+kazarou-maquia+%28sayoasa%29-erial+%28sayoasa%29-long+hair-short+hair-highres.png 2019年 09月 10日 星期二 22:08:02 CST
screensaver:ANIME-PICTURES.NET_-_575345-1920x1080-sayonara+no+asa+ni+yakusoku+no+hana+wo+kazarou-maquia+%28sayoasa%29-erial+%28sayoasa%29-long+hair-short+hair-highres.png 2019年 09月 10日 星期二 22:09:01 CST
screensaver:ANIME-PICTURES.NET_-_611702-1920x1080-original-aenami-highres-wide+image-sky-cloud+%28clouds%29.jpg 2019年 09月 10日 星期二 22:10:01 CST
screensaver:ANIME-PICTURES.NET_-_602545-1920x1080-original-aenami-highres-wide+image-sky-cloud+%28clouds%29.jpg 2019年 09月 10日 星期二 22:11:01 CST
screensaver:ANIME-PICTURES.NET_-_611695-1920x1080-original-aenami-highres-wide+image-sky-signed.jpg Tue 10 Sep 2019 10:11:30 PM CST
screensaver:ANIME-PICTURES.NET_-_575345-1920x1080-sayonara+no+asa+ni+yakusoku+no+hana+wo+kazarou-maquia+%28sayoasa%29-erial+%28sayoasa%29-long+hair-short+hair-highres.png Tue 10 Sep 2019 10:11:46 PM CST
screensaver:ANIME-PICTURES.NET_-_611698-1920x1080-original-aenami-highres-wide+image-signed-night.jpg 2019年 09月 10日 星期二 22:12:01 CST
screensaver:ANIME-PICTURES.NET_-_600454-1920x1080-original-aenami-highres-wide+image-sky-cloud+%28clouds%29.jpg 2019年 09月 10日 星期二 22:13:01 CST
screensaver:ANIME-PICTURES.NET_-_611707-1920x1080-original-aenami-highres-wide+image-sky-signed.jpg 2019年 09月 10日 星期二 22:14:01 CST
screensaver:ANIME-PICTURES.NET_-_611698-1920x1080-original-aenami-highres-wide+image-signed-night.jpg 2019年 09月 10日 星期二 22:15:01 CST
screensaver:ANIME-PICTURES.NET_-_600450-1920x1080-original-aenami-highres-wide+image-sky-cloud+%28clouds%29.jpg 2019年 09月 10日 星期二 22:20:01 CST
screensaver:ANIME-PICTURES.NET_-_611707-1920x1080-original-aenami-highres-wide+image-sky-signed.jpg 2019年 09月 10日 星期二 22:45:02 CST
screensaver:ANIME-PICTURES.NET_-_611698-1920x1080-original-aenami-highres-wide+image-signed-night.jpg 2019年 09月 10日 星期二 22:50:01 CST
screensaver:ANIME-PICTURES.NET_-_602543-1920x1080-original-aenami-long+hair-single-highres-wide+image.jpg 2019年 09月 10日 星期二 22:55:01 CST
screensaver:ANIME-PICTURES.NET_-_601517-1920x1080-original-aenami-highres-wide+image-sky-cloud+%28clouds%29.jpg 2019年 09月 10日 星期二 23:00:01 CST
screensaver:ANIME-PICTURES.NET_-_575345-1920x1080-sayonara+no+asa+ni+yakusoku+no+hana+wo+kazarou-maquia+%28sayoasa%29-erial+%28sayoasa%29-long+hair-short+hair-highres.png 2019年 09月 11日 星期三 07:45:01 CST
screensaver:ANIME-PICTURES.NET_-_600452-1920x1080-original-aenami-highres-wide+image-sky-cloud+%28clouds%29.jpg 2019年 09月 11日 星期三 07:50:02 CST
screensaver:ANIME-PICTURES.NET_-_612428-1920x1080-original-aenami-highres-wide+image-sky-cloud+%28clouds%29.jpg 2019年 09月 11日 星期三 07:55:01 CST
screensaver:ANIME-PICTURES.NET_-_611707-1920x1080-original-aenami-highres-wide+image-sky-signed.jpg 2019年 09月 11日 星期三 08:00:01 CST
screensaver:ANIME-PICTURES.NET_-_602545-1920x1080-original-aenami-highres-wide+image-sky-cloud+%28clouds%29.jpg 2019年 09月 11日 星期三 08:05:01 CST
screensaver:ANIME-PICTURES.NET_-_611707-1920x1080-original-aenami-highres-wide+image-sky-signed.jpg 2019年 09月 11日 星期三 08:10:01 CST
screensaver:ANIME-PICTURES.NET_-_611695-1920x1080-original-aenami-highres-wide+image-sky-signed.jpg 2019年 09月 11日 星期三 08:15:01 CST
screensaver:ANIME-PICTURES.NET_-_611708-1920x1080-original-aenami-highres-wide+image-sky-cloud+%28clouds%29.jpg 2019年 09月 11日 星期三 08:20:01 CST
screensaver:ANIME-PICTURES.NET_-_600452-1920x1080-original-aenami-highres-wide+image-sky-cloud+%28clouds%29.jpg 2019年 09月 11日 星期三 08:25:01 CST
screensaver:ANIME-PICTURES.NET_-_575345-1920x1080-sayonara+no+asa+ni+yakusoku+no+hana+wo+kazarou-maquia+%28sayoasa%29-erial+%28sayoasa%29-long+hair-short+hair-highres.png 2019年 09月 11日 星期三 08:30:01 CST
screensaver:ANIME-PICTURES.NET_-_575345-1920x1080-sayonara+no+asa+ni+yakusoku+no+hana+wo+kazarou-maquia+%28sayoasa%29-erial+%28sayoasa%29-long+hair-short+hair-highres.png 2019年 09月 11日 星期三 08:35:01 CST
screensaver:ANIME-PICTURES.NET_-_612428-1920x1080-original-aenami-highres-wide+image-sky-cloud+%28clouds%29.jpg 2019年 09月 11日 星期三 08:40:02 CST
screensaver:ANIME-PICTURES.NET_-_611697-1920x1080-original-aenami-short+hair-highres-wide+image-sitting.jpg 2019年 09月 11日 星期三 08:45:01 CST
screensaver:ANIME-PICTURES.NET_-_600452-1920x1080-original-aenami-highres-wide+image-sky-cloud+%28clouds%29.jpg 2019年 09月 11日 星期三 08:50:01 CST
screensaver:ANIME-PICTURES.NET_-_601931-1920x1080-original-aenami-highres-wide+image-sky-cloud+%28clouds%29.jpg 2019年 09月 11日 星期三 08:55:01 CST
screensaver:ANIME-PICTURES.NET_-_602545-1920x1080-original-aenami-highres-wide+image-sky-cloud+%28clouds%29.jpg 2019年 09月 11日 星期三 09:00:01 CST
screensaver:ANIME-PICTURES.NET_-_611708-1920x1080-original-aenami-highres-wide+image-sky-cloud+%28clouds%29.jpg 2019年 09月 11日 星期三 09:05:01 CST
screensaver:ANIME-PICTURES.NET_-_611702-1920x1080-original-aenami-highres-wide+image-sky-cloud+%28clouds%29.jpg 2019年 09月 11日 星期三 09:10:01 CST
screensaver:ANIME-PICTURES.NET_-_602543-1920x1080-original-aenami-long+hair-single-highres-wide+image.jpg 2019年 09月 11日 星期三 09:15:01 CST
screensaver:ANIME-PICTURES.NET_-_611702-1920x1080-original-aenami-highres-wide+image-sky-cloud+%28clouds%29.jpg 2019年 09月 11日 星期三 09:20:01 CST
screensaver:ANIME-PICTURES.NET_-_575345-1920x1080-sayonara+no+asa+ni+yakusoku+no+hana+wo+kazarou-maquia+%28sayoasa%29-erial+%28sayoasa%29-long+hair-short+hair-highres.png 2019年 09月 11日 星期三 09:25:01 CST
screensaver:ANIME-PICTURES.NET_-_575345-1920x1080-sayonara+no+asa+ni+yakusoku+no+hana+wo+kazarou-maquia+%28sayoasa%29-erial+%28sayoasa%29-long+hair-short+hair-highres.png 2019年 09月 11日 星期三 09:30:01 CST
screensaver:ANIME-PICTURES.NET_-_602482-3840x2160-original-banishment-highres-wide+image-sky-cloud+%28clouds%29.png 2019年 09月 11日 星期三 09:35:02 CST
screensaver:ANIME-PICTURES.NET_-_600452-1920x1080-original-aenami-highres-wide+image-sky-cloud+%28clouds%29.jpg 2019年 09月 11日 星期三 09:40:01 CST
screensaver:ANIME-PICTURES.NET_-_602484-6000x3376-original-banishment-highres-wide+image-absurdres-evening.png 2019年 09月 11日 星期三 09:45:01 CST
screensaver:ANIME-PICTURES.NET_-_575345-1920x1080-sayonara+no+asa+ni+yakusoku+no+hana+wo+kazarou-maquia+%28sayoasa%29-erial+%28sayoasa%29-long+hair-short+hair-highres.png Wed 11 Sep 2019 09:45:31 AM CST
screensaver:ANIME-PICTURES.NET_-_600451-1920x960-original-aenami-highres-wide+image-sky-cloud+%28clouds%29.jpg Wed 11 Sep 2019 09:45:37 AM CST
screensaver:illust_76542723_20190902_072933.jpg Wed 11 Sep 2019 09:45:47 AM CST
screensaver:ANIME-PICTURES.NET_-_602469-3840x2160-original-banishment-highres-wide+image-sky-cloud+%28clouds%29.png 2019年 09月 11日 星期三 09:50:01 CST
screensaver:ANIME-PICTURES.NET_-_600799-1920x1357-original-niko+p-highres-sky-cloud+%28clouds%29-sunlight.jpg 2019年 09月 11日 星期三 09:55:01 CST
screensaver:ANIME-PICTURES.NET_-_602479-3840x2160-original-banishment-highres-wide+image-sky-cloud+%28clouds%29.png 2019年 09月 11日 星期三 10:00:01 CST
screensaver:ANIME-PICTURES.NET_-_575345-1920x1080-sayonara+no+asa+ni+yakusoku+no+hana+wo+kazarou-maquia+%28sayoasa%29-erial+%28sayoasa%29-long+hair-short+hair-highres.png 2019年 09月 11日 星期三 10:05:01 CST
screensaver:ANIME-PICTURES.NET_-_601518-1920x960-original-aenami-highres-wide+image-sky-cloud+%28clouds%29.jpg 2019年 09月 11日 星期三 10:10:01 CST
screensaver:ANIME-PICTURES.NET_-_575345-1920x1080-sayonara+no+asa+ni+yakusoku+no+hana+wo+kazarou-maquia+%28sayoasa%29-erial+%28sayoasa%29-long+hair-short+hair-highres.png 2019年 09月 11日 星期三 10:15:01 CST
screensaver:ANIME-PICTURES.NET_-_602474-5000x2813-original-banishment-highres-wide+image-sky-cloud+%28clouds%29.png 2019年 09月 11日 星期三 10:20:01 CST
screensaver:ANIME-PICTURES.NET_-_575345-1920x1080-sayonara+no+asa+ni+yakusoku+no+hana+wo+kazarou-maquia+%28sayoasa%29-erial+%28sayoasa%29-long+hair-short+hair-highres.png 2019年 09月 11日 星期三 10:25:02 CST
screensaver:ANIME-PICTURES.NET_-_602469-3840x2160-original-banishment-highres-wide+image-sky-cloud+%28clouds%29.png 2019年 09月 11日 星期三 10:30:01 CST
screensaver:ANIME-PICTURES.NET_-_600451-1920x960-original-aenami-highres-wide+image-sky-cloud+%28clouds%29.jpg 2019年 09月 11日 星期三 10:35:01 CST
screensaver:ANIME-PICTURES.NET_-_611707-1920x1080-original-aenami-highres-wide+image-sky-signed.jpg 2019年 09月 11日 星期三 11:00:01 CST
screensaver:ANIME-PICTURES.NET_-_611699-1920x1080-original-aenami-long+hair-short+hair-highres-wide+image.jpg 2019年 09月 11日 星期三 16:00:01 CST
screensaver:ANIME-PICTURES.NET_-_575345-1920x1080-sayonara+no+asa+ni+yakusoku+no+hana+wo+kazarou-maquia+%28sayoasa%29-erial+%28sayoasa%29-long+hair-short+hair-highres.png 2019年 09月 11日 星期三 17:00:01 CST
screensaver:ANIME-PICTURES.NET_-_600451-1920x960-original-aenami-highres-wide+image-sky-cloud+%28clouds%29.jpg 2019年 09月 11日 星期三 18:00:01 CST
screensaver:ANIME-PICTURES.NET_-_575345-1920x1080-sayonara+no+asa+ni+yakusoku+no+hana+wo+kazarou-maquia+%28sayoasa%29-erial+%28sayoasa%29-long+hair-short+hair-highres.png 2019年 09月 11日 星期三 19:00:01 CST
screensaver:ANIME-PICTURES.NET_-_602545-1920x1080-original-aenami-highres-wide+image-sky-cloud+%28clouds%29.jpg 2019年 09月 11日 星期三 20:00:01 CST
screensaver:ANIME-PICTURES.NET_-_602482-3840x2160-original-banishment-highres-wide+image-sky-cloud+%28clouds%29.png 2019年 09月 11日 星期三 21:00:01 CST
screensaver:illust_76542723_20190902_072933.jpg 2019年 09月 11日 星期三 22:00:01 CST
screensaver:ANIME-PICTURES.NET_-_600452-1920x1080-original-aenami-highres-wide+image-sky-cloud+%28clouds%29.jpg 2019年 09月 11日 星期三 23:00:01 CST
screensaver:ANIME-PICTURES.NET_-_528760-1920x1080-original-y+y-highres-wide+image-sky-cloud+%28clouds%29.jpg 2019年 09月 12日 星期四 08:00:01 CST
screensaver:ANIME-PICTURES.NET_-_602475-3840x2700-original-banishment-highres-sky-cloud+%28clouds%29-signed.png 2019年 09月 12日 星期四 09:00:01 CST
screensaver:ANIME-PICTURES.NET_-_526903-2560x1440-original-y+y-highres-wide+image-sky-cloud+%28clouds%29.jpg Thu 12 Sep 2019 09:41:24 AM CST
